2016-07-28 13:16:34 [DEBUG] [com.ehsy.common.context.CMApplicationContext] - [设置application context]
2016-07-28 13:16:35 [DEBUG] [com.ehsy.svcreg.context.ContextInitializer] - [dynamic flag = 1]
2016-07-28 13:16:35 [INFO ] [com.ehsy.svcreg.context.ContextInitializer] - [开启动态注册]
2016-07-28 13:16:35 [DEBUG] [com.ehsy.svcreg.discovery.SvcDiscoveryFactory] - [获取远程服务查询服务]
2016-07-28 13:16:35 [DEBUG] [com.ehsy.svcreg.discovery.DynSvcDiscovery] - [获取组件[SR]提供的所有服务定义]
2016-07-28 13:16:35 [DEBUG] [com.ehsy.svcreg.discovery.SvcDiscoveryFactory] - [获取远程服务查询服务]
2016-07-28 13:16:36 [INFO ] [com.ehsy.lb.RandomAddrQuery] - [随机策略获取地址]
2016-07-28 13:16:36 [ERROR] [com.ehsy.transport.RemoteSvcExecutor] - [服务[CFS000001]地址未配置]
2016-07-28 13:16:36 [ERROR] [com.ehsy.svcreg.discovery.DynSvcDiscovery] - [获取远程组件发布的服务列表失败, 响应信息=[ECMSVC001][服务地址未配置]]
2016-07-28 13:16:36 [ERROR] [com.ehsy.svcreg.context.ContextInitializer] - [{}]
com.ehsy.common.exception.CMRuntimeException: 获取远程服务列表失败
	at com.ehsy.common.utils.CMUtils.throwException(CMUtils.java:36)
	at com.ehsy.svcreg.discovery.DynSvcDiscovery.discoverByCmpName(DynSvcDiscovery.java:70)
	at com.ehsy.svcreg.registry.SvcRegistry.register(SvcRegistry.java:46)
	at com.ehsy.svcreg.context.ContextInitializer.afterPropertiesSet(ContextInitializer.java:40)
	at org.springframework.beans.factory.support.AbstractAutowireCapableBeanFactory.invokeInitMethods(AbstractAutowireCapableBeanFactory.java:1637)
	at org.springframework.beans.factory.support.AbstractAutowireCapableBeanFactory.initializeBean(AbstractAutowireCapableBeanFactory.java:1574)
	at org.springframework.beans.factory.support.AbstractAutowireCapableBeanFactory.doCreateBean(AbstractAutowireCapableBeanFactory.java:545)
	at org.springframework.beans.factory.support.AbstractAutowireCapableBeanFactory.createBean(AbstractAutowireCapableBeanFactory.java:482)
	at org.springframework.beans.factory.support.AbstractBeanFactory$1.getObject(AbstractBeanFactory.java:306)
	at org.springframework.beans.factory.support.DefaultSingletonBeanRegistry.getSingleton(DefaultSingletonBeanRegistry.java:230)
	at org.springframework.beans.factory.support.AbstractBeanFactory.doGetBean(AbstractBeanFactory.java:302)
	at org.springframework.beans.factory.support.AbstractBeanFactory.getBean(AbstractBeanFactory.java:197)
	at org.springframework.beans.factory.support.DefaultListableBeanFactory.preInstantiateSingletons(DefaultListableBeanFactory.java:772)
	at org.springframework.context.support.AbstractApplicationContext.finishBeanFactoryInitialization(AbstractApplicationContext.java:839)
	at org.springframework.context.support.AbstractApplicationContext.refresh(AbstractApplicationContext.java:538)
	at org.springframework.web.context.ContextLoader.configureAndRefreshWebApplicationContext(ContextLoader.java:446)
	at org.springframework.web.context.ContextLoader.initWebApplicationContext(ContextLoader.java:328)
	at org.springframework.web.context.ContextLoaderListener.contextInitialized(ContextLoaderListener.java:107)
	at org.eclipse.jetty.server.handler.ContextHandler.callContextInitialized(ContextHandler.java:835)
	at org.eclipse.jetty.servlet.ServletContextHandler.callContextInitialized(ServletContextHandler.java:530)
	at org.eclipse.jetty.server.handler.ContextHandler.startContext(ContextHandler.java:808)
	at org.eclipse.jetty.servlet.ServletContextHandler.startContext(ServletContextHandler.java:342)
	at org.eclipse.jetty.webapp.WebAppContext.startWebapp(WebAppContext.java:1368)
	at org.eclipse.jetty.maven.plugin.JettyWebAppContext.startWebapp(JettyWebAppContext.java:320)
	at org.eclipse.jetty.webapp.WebAppContext.startContext(WebAppContext.java:1335)
	at org.eclipse.jetty.server.handler.ContextHandler.doStart(ContextHandler.java:772)
	at org.eclipse.jetty.servlet.ServletContextHandler.doStart(ServletContextHandler.java:259)
	at org.eclipse.jetty.webapp.WebAppContext.doStart(WebAppContext.java:511)
	at org.eclipse.jetty.maven.plugin.JettyWebAppContext.doStart(JettyWebAppContext.java:403)
	at org.eclipse.jetty.util.component.AbstractLifeCycle.start(AbstractLifeCycle.java:68)
	at org.eclipse.jetty.util.component.ContainerLifeCycle.start(ContainerLifeCycle.java:132)
	at org.eclipse.jetty.util.component.ContainerLifeCycle.doStart(ContainerLifeCycle.java:114)
	at org.eclipse.jetty.server.handler.AbstractHandler.doStart(AbstractHandler.java:61)
	at org.eclipse.jetty.server.handler.ContextHandlerCollection.doStart(ContextHandlerCollection.java:161)
	at org.eclipse.jetty.util.component.AbstractLifeCycle.start(AbstractLifeCycle.java:68)
	at org.eclipse.jetty.util.component.ContainerLifeCycle.start(ContainerLifeCycle.java:132)
	at org.eclipse.jetty.util.component.ContainerLifeCycle.doStart(ContainerLifeCycle.java:114)
	at org.eclipse.jetty.server.handler.AbstractHandler.doStart(AbstractHandler.java:61)
	at org.eclipse.jetty.util.component.AbstractLifeCycle.start(AbstractLifeCycle.java:68)
	at org.eclipse.jetty.util.component.ContainerLifeCycle.start(ContainerLifeCycle.java:132)
	at org.eclipse.jetty.server.Server.start(Server.java:405)
	at org.eclipse.jetty.util.component.ContainerLifeCycle.doStart(ContainerLifeCycle.java:106)
	at org.eclipse.jetty.server.handler.AbstractHandler.doStart(AbstractHandler.java:61)
	at org.eclipse.jetty.server.Server.doStart(Server.java:372)
	at org.eclipse.jetty.util.component.AbstractLifeCycle.start(AbstractLifeCycle.java:68)
	at org.eclipse.jetty.maven.plugin.AbstractJettyMojo.startJetty(AbstractJettyMojo.java:457)
	at org.eclipse.jetty.maven.plugin.AbstractJettyMojo.execute(AbstractJettyMojo.java:328)
	at org.eclipse.jetty.maven.plugin.JettyRunMojo.execute(JettyRunMojo.java:170)
	at org.apache.maven.plugin.DefaultBuildPluginManager.executeMojo(DefaultBuildPluginManager.java:134)
	at org.apache.maven.lifecycle.internal.MojoExecutor.execute(MojoExecutor.java:208)
	at org.apache.maven.lifecycle.internal.MojoExecutor.execute(MojoExecutor.java:153)
	at org.apache.maven.lifecycle.internal.MojoExecutor.execute(MojoExecutor.java:145)
	at org.apache.maven.lifecycle.internal.LifecycleModuleBuilder.buildProject(LifecycleModuleBuilder.java:116)
	at org.apache.maven.lifecycle.internal.LifecycleModuleBuilder.buildProject(LifecycleModuleBuilder.java:80)
	at org.apache.maven.lifecycle.internal.builder.singlethreaded.SingleThreadedBuilder.build(SingleThreadedBuilder.java:51)
	at org.apache.maven.lifecycle.internal.LifecycleStarter.execute(LifecycleStarter.java:128)
	at org.apache.maven.DefaultMaven.doExecute(DefaultMaven.java:307)
	at org.apache.maven.DefaultMaven.doExecute(DefaultMaven.java:193)
	at org.apache.maven.DefaultMaven.execute(DefaultMaven.java:106)
	at org.apache.maven.cli.MavenCli.execute(MavenCli.java:862)
	at org.apache.maven.cli.MavenCli.doMain(MavenCli.java:286)
	at org.apache.maven.cli.MavenCli.main(MavenCli.java:197)
	at sun.reflect.NativeMethodAccessorImpl.invoke0(Native Method)
	at sun.reflect.NativeMethodAccessorImpl.invoke(NativeMethodAccessorImpl.java:62)
	at sun.reflect.DelegatingMethodAccessorImpl.invoke(DelegatingMethodAccessorImpl.java:43)
	at java.lang.reflect.Method.invoke(Method.java:497)
	at org.codehaus.plexus.classworlds.launcher.Launcher.launchEnhanced(Launcher.java:289)
	at org.codehaus.plexus.classworlds.launcher.Launcher.launch(Launcher.java:229)
	at org.codehaus.plexus.classworlds.launcher.Launcher.mainWithExitCode(Launcher.java:415)
	at org.codehaus.plexus.classworlds.launcher.Launcher.main(Launcher.java:356)
	at org.codehaus.classworlds.Launcher.main(Launcher.java:47)
2016-07-28 13:16:36 [INFO ] [com.ehsy.svcreg.context.ContextInitializer] - [try register service again...]
2016-07-28 13:17:06 [DEBUG] [com.ehsy.svcreg.context.ContextInitializer] - [run register service again.......]
2016-07-28 13:17:06 [DEBUG] [com.ehsy.svcreg.discovery.SvcDiscoveryFactory] - [获取远程服务查询服务]
2016-07-28 13:17:06 [DEBUG] [com.ehsy.svcreg.discovery.DynSvcDiscovery] - [获取组件[SR]提供的所有服务定义]
2016-07-28 13:17:06 [DEBUG] [com.ehsy.svcreg.discovery.SvcDiscoveryFactory] - [获取远程服务查询服务]
2016-07-28 13:17:06 [INFO ] [com.ehsy.lb.RandomAddrQuery] - [随机策略获取地址]
2016-07-28 13:17:06 [ERROR] [com.ehsy.transport.RemoteSvcExecutor] - [服务[CFS000001]地址未配置]
2016-07-28 13:17:06 [ERROR] [com.ehsy.svcreg.discovery.DynSvcDiscovery] - [获取远程组件发布的服务列表失败, 响应信息=[ECMSVC001][服务地址未配置]]
2016-07-28 13:17:26 [DEBUG] [com.ehsy.common.context.CMApplicationContext] - [设置application context]
2016-07-28 13:17:27 [DEBUG] [com.ehsy.svcreg.context.ContextInitializer] - [dynamic flag = 0]
2016-07-28 13:17:27 [INFO ] [com.ehsy.svcreg.context.ContextInitializer] - [关闭动态注册]
2016-07-28 13:57:37 [DEBUG] [com.ehsy.common.context.CMApplicationContext] - [设置application context]
2016-07-28 13:57:37 [DEBUG] [com.ehsy.svcreg.context.ContextInitializer] - [dynamic flag = 0]
2016-07-28 13:57:37 [INFO ] [com.ehsy.svcreg.context.ContextInitializer] - [关闭动态注册]
